{
  "RSpec": {
    "coverage": {
      "/Users/rafaellara/Desktop/dbc_laundry/app/models/admin.rb": [
        1,
        1,
        null,
        null,
        1,
        null,
        null
      ],
      "/Users/rafaellara/Desktop/dbc_laundry/app/models/application_record.rb": [
        1,
        1,
        null
      ],
      "/Users/rafaellara/Desktop/dbc_laundry/app/models/shipper.rb": [
        1,
        1,
        1,
        null,
        null,
        1,
        null,
        null
      ],
      "/Users/rafaellara/Desktop/dbc_laundry/app/models/client.rb": [
        1,
        1,
        1,
        null,
        null,
        null,
        1,
        null,
        null
      ],
      "/Users/rafaellara/Desktop/dbc_laundry/app/helpers/application_helper.rb": [
        1,
        null
      ],
      "/Users/rafaellara/Desktop/dbc_laundry/app/helpers/businesses_helper.rb": [
        1,
        null
      ],
      "/Users/rafaellara/Desktop/dbc_laundry/app/helpers/charges_helper.rb": [
        1,
        null
      ],
      "/Users/rafaellara/Desktop/dbc_laundry/app/helpers/orders_helper.rb": [
        1,
        null,
        1,
        0,
        null,
        null,
        null,
        null,
        null,
        null,
        0,
        null,
        null
      ],
      "/Users/rafaellara/Desktop/dbc_laundry/app/helpers/shippers_helper.rb": [
        1,
        null,
        1,
        0,
        0,
        0,
        null,
        0,
        null,
        null
      ],
      "/Users/rafaellara/Desktop/dbc_laundry/app/models/order.rb": [
        1,
        null,
        1,
        1,
        1,
        null,
        null,
        1,
        1,
        1,
        null,
        null
      ],
      "/Users/rafaellara/Desktop/dbc_laundry/app/controllers/application_controller.rb": [
        1,
        1,
        1,
        null,
        1,
        7,
        0,
        null,
        7,
        null,
        null,
        null,
        1,
        null,
        1,
        12,
        null,
        null
      ],
      "/Users/rafaellara/Desktop/dbc_laundry/app/models/business.rb": [
        1,
        1,
        1,
        1,
        1,
        1,
        null
      ],
      "/Users/rafaellara/Desktop/dbc_laundry/app/controllers/registrations_controller.rb": [
        1,
        null,
        1,
        null,
        1,
        0,
        null,
        null,
        1,
        0,
        null,
        null,
        null
      ],
      "/Users/rafaellara/Desktop/dbc_laundry/app/channels/application_cable/channel.rb": [
        0,
        0,
        0,
        0
      ],
      "/Users/rafaellara/Desktop/dbc_laundry/app/channels/application_cable/connection.rb": [
        0,
        0,
        0,
        0
      ],
      "/Users/rafaellara/Desktop/dbc_laundry/app/controllers/admins_controller.rb": [
        0,
        0,
        0,
        0,
        0,
        0,
        0,
        0,
        0,
        0,
        0,
        0,
        0,
        0,
        0,
        0,
        0,
        0,
        0,
        0,
        0,
        0
      ],
      "/Users/rafaellara/Desktop/dbc_laundry/app/controllers/boxes_controller.rb": [
        0,
        0,
        0,
        0,
        0,
        0,
        0,
        0,
        0,
        0,
        0,
        0,
        0,
        0,
        0,
        0,
        0,
        0,
        0,
        0,
        0,
        0,
        0,
        0,
        0,
        0,
        0,
        0
      ],
      "/Users/rafaellara/Desktop/dbc_laundry/app/controllers/businesses_controller.rb": [
        0,
        0,
        0,
        0,
        0,
        0
      ],
      "/Users/rafaellara/Desktop/dbc_laundry/app/controllers/charges_controller.rb": [
        0,
        0,
        0,
        0,
        0,
        0,
        0,
        0,
        0,
        0,
        0,
        0,
        0,
        0,
        0,
        0,
        0,
        0,
        0,
        0,
        0,
        0,
        0,
        0,
        0,
        0
      ],
      "/Users/rafaellara/Desktop/dbc_laundry/app/controllers/orders_controller.rb": [
        0,
        0,
        0,
        0,
        0,
        0,
        0,
        0,
        0,
        0,
        0,
        0,
        0,
        0,
        0,
        0,
        0,
        0,
        0,
        0,
        0,
        0,
        0,
        0,
        0,
        0,
        0,
        0,
        0,
        0,
        0,
        0,
        0,
        0,
        0,
        0,
        0,
        0,
        0,
        0,
        0,
        0,
        0,
        0,
        0,
        0,
        0,
        0,
        0,
        0,
        0,
        0,
        0
      ],
      "/Users/rafaellara/Desktop/dbc_laundry/app/controllers/shippers_controller.rb": [
        0,
        0,
        0,
        0,
        0,
        0,
        0,
        0,
        0,
        0,
        0,
        0,
        0,
        0,
        0,
        0,
        0
      ],
      "/Users/rafaellara/Desktop/dbc_laundry/app/controllers/static_pages_controller.rb": [
        0,
        0,
        0,
        0,
        0,
        0,
        0,
        0,
        0
      ],
      "/Users/rafaellara/Desktop/dbc_laundry/app/jobs/application_job.rb": [
        0,
        0
      ],
      "/Users/rafaellara/Desktop/dbc_laundry/app/mailers/application_mailer.rb": [
        0,
        0,
        0,
        0
      ],
      "/Users/rafaellara/Desktop/dbc_laundry/app/mailers/user_notifier.rb": [
        0,
        0,
        0,
        0,
        0,
        0,
        0,
        0,
        0,
        0,
        0,
        0,
        0,
        0,
        0,
        0,
        0,
        0,
        0,
        0,
        0,
        0,
        0,
        0,
        0,
        0,
        0,
        0
      ],
      "/Users/rafaellara/Desktop/dbc_laundry/app/models/box.rb": [
        0,
        0,
        0,
        0,
        0,
        0
      ]
    },
    "timestamp": 1495238200
  }
}
